<?xml version="1.0" encoding="UTF-8"?>
<testsuite xmlns:xsi="http://www.w3.org/2001/XMLSchema-instance" xsi:noNamespaceSchemaLocation="https://maven.apache.org/surefire/maven-surefire-plugin/xsd/surefire-test-report-3.0.xsd" version="3.0" name="com.example.CalculatorTest" time="0.612" tests="2" errors="0" skipped="0" failures="1">
  <properties>
[...]
</properties>
  <testcase name="testSum" classname="com.example.CalculatorTest" time="0.08">
    <failure message="2 + 3 should be 5 ==&gt; expected: &lt;10&gt; but was: &lt;5&gt;" type="org.opentest4j.AssertionFailedError"><![CDATA[org.opentest4j.AssertionFailedError: 2 + 3 should be 5 ==> expected: <10> but was: <5>
	at org.junit.jupiter.api.AssertionFailureBuilder.build(AssertionFailureBuilder.java:151)
	at org.junit.jupiter.api.AssertionFailureBuilder.buildAndThrow(AssertionFailureBuilder.java:132)
	at org.junit.jupiter.api.AssertEquals.failNotEqual(AssertEquals.java:197)
	at org.junit.jupiter.api.AssertEquals.assertEquals(AssertEquals.java:150)
	at org.junit.jupiter.api.Assertions.assertEquals(Assertions.java:559)
	at com.example.CalculatorTest.testSum(CalculatorTest.java:11)
	at java.base/java.lang.reflect.Method.invoke(Method.java:565)
	at java.base/java.util.ArrayList.forEach(ArrayList.java:1604)
	at java.base/java.util.ArrayList.forEach(ArrayList.java:1604)
]]></failure>
    <system-out><![CDATA[14:25:09.446 [main] INFO  com.example.Calculator - Calculating sum of 2 and 3
14:25:09.453 [main] DEBUG com.example.Calculator - Result: 5
]]></system-out>
  </testcase>
  <testcase name="testSubtract" classname="com.example.CalculatorTest" time="0.008">
    <system-out><![CDATA[14:25:09.512 [main] INFO  com.example.Calculator - Calculating difference of 3 and 2
14:25:09.512 [main] DEBUG com.example.Calculator - Result: 1
]]></system-out>
  </testcase>
</testsuite>